# JRE version: OpenJDK Runtime Environment (8.0_152-b01) (build 1.8.0_152-release-1248-b01)
# Java VM: OpenJDK 64-Bit Server VM (25.152-b01 mixed mode windows-amd64 compressed oops)
Heap:
 PSYoungGen      total 251904K, used 209595K [0x00000000e0000000, 0x00000000f1f80000, 0x0000000100000000)
  eden space 210944K, 95% used [0x00000000e0000000,0x00000000ec421710,0x00000000ece00000)
  from space 40960K, 21% used [0x00000000ece00000,0x00000000ed68d870,0x00000000ef600000)
  to   space 39424K, 0% used [0x00000000ef900000,0x00000000ef900000,0x00000000f1f80000)
 ParOldGen       total 204288K, used 49420K [0x00000000a0000000, 0x00000000ac780000, 0x00000000e0000000)
  object space 204288K, 24% used [0x00000000a0000000,0x00000000a3043078,0x00000000ac780000)
 Metaspace       used 98561K, capacity 104584K, committed 104920K, reserved 1140736K
  class space    used 12428K, capacity 13723K, committed 13784K, reserved 1048576K
GC Heap History (10 events):
Event: 5876.529 GC heap before
{Heap before GC invocations=41 (full 4):
 PSYoungGen      total 239104K, used 200323K [0x00000000e0000000, 0x00000000f1980000, 0x0000000100000000)
  eden space 195072K, 99% used [0x00000000e0000000,0x00000000ebe7fdd0,0x00000000ebe80000)
  from space 44032K, 11% used [0x00000000eee80000,0x00000000ef3a0fb8,0x00000000f1980000)
  to   space 46592K, 0% used [0x00000000ebe80000,0x00000000ebe80000,0x00000000eec00000)
 ParOldGen       total 204288K, used 49380K [0x00000000a0000000, 0x00000000ac780000, 0x00000000e0000000)
  object space 204288K, 24% used [0x00000000a0000000,0x00000000a3039078,0x00000000ac780000)
 Metaspace       used 95382K, capacity 100178K, committed 100440K, reserved 1136640K
  class space    used 12056K, capacity 13045K, committed 13144K, reserved 1048576K
Event: 5876.559 GC heap after
Heap after GC invocations=41 (full 4):
 PSYoungGen      total 241664K, used 8561K [0x00000000e0000000, 0x00000000f2300000, 0x0000000100000000)
  eden space 195072K, 0% used [0x00000000e0000000,0x00000000e0000000,0x00000000ebe80000)
  from space 46592K, 18% used [0x00000000ebe80000,0x00000000ec6dc470,0x00000000eec00000)
  to   space 45568K, 0% used [0x00000000ef680000,0x00000000ef680000,0x00000000f2300000)
 ParOldGen       total 204288K, used 49388K [0x00000000a0000000, 0x00000000ac780000, 0x00000000e0000000)
  object space 204288K, 24% used [0x00000000a0000000,0x00000000a303b078,0x00000000ac780000)
 Metaspace       used 95382K, capacity 100178K, committed 100440K, reserved 1136640K
  class space    used 12056K, capacity 13045K, committed 13144K, reserved 1048576K
}
Event: 5937.830 GC heap before
{Heap before GC invocations=42 (full 4):
 PSYoungGen      total 241664K, used 203633K [0x00000000e0000000, 0x00000000f2300000, 0x0000000100000000)
  eden space 195072K, 100% used [0x00000000e0000000,0x00000000ebe80000,0x00000000ebe80000)
  from space 46592K, 18% used [0x00000000ebe80000,0x00000000ec6dc470,0x00000000eec00000)
  to   space 45568K, 0% used [0x00000000ef680000,0x00000000ef680000,0x00000000f2300000)
 ParOldGen       total 204288K, used 49388K [0x00000000a0000000, 0x00000000ac780000, 0x00000000e0000000)
  object space 204288K, 24% used [0x00000000a0000000,0x00000000a303b078,0x00000000ac780000)
 Metaspace       used 95853K, capacity 101044K, committed 101336K, reserved 1136640K
  class space    used 12120K, capacity 13182K, committed 13272K, reserved 1048576K
Event: 5937.850 GC heap after
Heap after GC invocations=42 (full 4):
 PSYoungGen      total 244224K, used 11191K [0x00000000e0000000, 0x00000000f1d00000, 0x0000000100000000)
  eden space 204800K, 0% used [0x00000000e0000000,0x00000000e0000000,0x00000000ec800000)
  from space 39424K, 28% used [0x00000000ef680000,0x00000000f016ded0,0x00000000f1d00000)
  to   space 43520K, 0% used [0x00000000ec800000,0x00000000ec800000,0x00000000ef280000)
 ParOldGen       total 204288K, used 49396K [0x00000000a0000000, 0x00000000ac780000, 0x00000000e0000000)
  object space 204288K, 24% used [0x00000000a0000000,0x00000000a303d078,0x00000000ac780000)
 Metaspace       used 95853K, capacity 101044K, committed 101336K, reserved 1136640K
  class space    used 12120K, capacity 13182K, committed 13272K, reserved 1048576K
}
Event: 7523.808 GC heap before
{Heap before GC invocations=43 (full 4):
 PSYoungGen      total 244224K, used 215991K [0x00000000e0000000, 0x00000000f1d00000, 0x0000000100000000)
  eden space 204800K, 100% used [0x00000000e0000000,0x00000000ec800000,0x00000000ec800000)
  from space 39424K, 28% used [0x00000000ef680000,0x00000000f016ded0,0x00000000f1d00000)
  to   space 43520K, 0% used [0x00000000ec800000,0x00000000ec800000,0x00000000ef280000)
 ParOldGen       total 204288K, used 49396K [0x00000000a0000000, 0x00000000ac780000, 0x00000000e0000000)
  object space 204288K, 24% used [0x00000000a0000000,0x00000000a303d078,0x00000000ac780000)
 Metaspace       used 96281K, capacity 101620K, committed 101976K, reserved 1138688K
  class space    used 12165K, capacity 13273K, committed 13400K, reserved 1048576K
Event: 7523.858 GC heap after
Heap after GC invocations=43 (full 4):
 PSYoungGen      total 248320K, used 7817K [0x00000000e0000000, 0x00000000f2300000, 0x0000000100000000)
  eden space 204800K, 0% used [0x00000000e0000000,0x00000000e0000000,0x00000000ec800000)
  from space 43520K, 17% used [0x00000000ec800000,0x00000000ecfa2780,0x00000000ef280000)
  to   space 42496K, 0% used [0x00000000ef980000,0x00000000ef980000,0x00000000f2300000)
 ParOldGen       total 204288K, used 49404K [0x00000000a0000000, 0x00000000ac780000, 0x00000000e0000000)
  object space 204288K, 24% used [0x00000000a0000000,0x00000000a303f078,0x00000000ac780000)
 Metaspace       used 96281K, capacity 101620K, committed 101976K, reserved 1138688K
  class space    used 12165K, capacity 13273K, committed 13400K, reserved 1048576K
}
Event: 10463.015 GC heap before
{Heap before GC invocations=44 (full 4):
 PSYoungGen      total 248320K, used 212617K [0x00000000e0000000, 0x00000000f2300000, 0x0000000100000000)
  eden space 204800K, 100% used [0x00000000e0000000,0x00000000ec800000,0x00000000ec800000)
  from space 43520K, 17% used [0x00000000ec800000,0x00000000ecfa2780,0x00000000ef280000)
  to   space 42496K, 0% used [0x00000000ef980000,0x00000000ef980000,0x00000000f2300000)
 ParOldGen       total 204288K, used 49404K [0x00000000a0000000, 0x00000000ac780000, 0x00000000e0000000)
  object space 204288K, 24% used [0x00000000a0000000,0x00000000a303f078,0x00000000ac780000)
 Metaspace       used 96637K, capacity 102370K, committed 102616K, reserved 1138688K
  class space    used 12222K, capacity 13402K, committed 13528K, reserved 1048576K
Event: 10463.107 GC heap after
Heap after GC invocations=44 (full 4):
 PSYoungGen      total 248320K, used 9447K [0x00000000e0000000, 0x00000000f1e00000, 0x0000000100000000)
  eden space 210944K, 0% used [0x00000000e0000000,0x00000000e0000000,0x00000000ece00000)
  from space 37376K, 25% used [0x00000000ef980000,0x00000000f02b9cc0,0x00000000f1e00000)
  to   space 40960K, 0% used [0x00000000ece00000,0x00000000ece00000,0x00000000ef600000)
 ParOldGen       total 204288K, used 49412K [0x00000000a0000000, 0x00000000ac780000, 0x00000000e0000000)
  object space 204288K, 24% used [0x00000000a0000000,0x00000000a3041078,0x00000000ac780000)
 Metaspace       used 96637K, capacity 102370K, committed 102616K, reserved 1138688K
  class space    used 12222K, capacity 13402K, committed 13528K, reserved 1048576K
}
Event: 11317.403 GC heap before
{Heap before GC invocations=45 (full 4):
 PSYoungGen      total 248320K, used 220391K [0x00000000e0000000, 0x00000000f1e00000, 0x0000000100000000)
  eden space 210944K, 100% used [0x00000000e0000000,0x00000000ece00000,0x00000000ece00000)
  from space 37376K, 25% used [0x00000000ef980000,0x00000000f02b9cc0,0x00000000f1e00000)
  to   space 40960K, 0% used [0x00000000ece00000,0x00000000ece00000,0x00000000ef600000)
 ParOldGen       total 204288K, used 49412K [0x00000000a0000000, 0x00000000ac780000, 0x00000000e0000000)
  object space 204288K, 24% used [0x00000000a0000000,0x00000000a3041078,0x00000000ac780000)
 Metaspace       used 97275K, capacity 103240K, committed 103512K, reserved 1138688K
  class space    used 12299K, capacity 13579K, committed 13656K, reserved 1048576K
Event: 11317.551 GC heap after
Heap after GC invocations=45 (full 4):
 PSYoungGen      total 251904K, used 8758K [0x00000000e0000000, 0x00000000f1f80000, 0x0000000100000000)
  eden space 210944K, 0% used [0x00000000e0000000,0x00000000e0000000,0x00000000ece00000)
  from space 40960K, 21% used [0x00000000ece00000,0x00000000ed68d870,0x00000000ef600000)
  to   space 39424K, 0% used [0x00000000ef900000,0x00000000ef900000,0x00000000f1f80000)
 ParOldGen       total 204288K, used 49420K [0x00000000a0000000, 0x00000000ac780000, 0x00000000e0000000)
  object space 204288K, 24% used [0x00000000a0000000,0x00000000a3043078,0x00000000ac780000)
 Metaspace       used 97275K, capacity 103240K, committed 103512K, reserved 1138688K
  class space    used 12299K, capacity 13579K, committed 13656K, reserved 1048576K
}

