# JRE version: OpenJDK Runtime Environment (8.0_152-b01) (build 1.8.0_152-release-1248-b01)
# Java VM: OpenJDK 64-Bit Server VM (25.152-b01 mixed mode windows-amd64 compressed oops)
Heap:
 PSYoungGen      total 472064K, used 172977K [0x00000000e0000000, 0x00000000fff00000, 0x0000000100000000)
  eden space 420864K, 40% used [0x00000000e0000000,0x00000000ea6b0518,0x00000000f9b00000)
  from space 51200K, 4% used [0x00000000fcd00000,0x00000000fcf3c020,0x00000000fff00000)
  to   space 51200K, 0% used [0x00000000f9b00000,0x00000000f9b00000,0x00000000fcd00000)
 ParOldGen       total 257536K, used 96873K [0x00000000a0000000, 0x00000000afb80000, 0x00000000e0000000)
  object space 257536K, 37% used [0x00000000a0000000,0x00000000a5e9a658,0x00000000afb80000)
 Metaspace       used 132256K, capacity 140126K, committed 140416K, reserved 1171456K
  class space    used 16240K, capacity 17698K, committed 17792K, reserved 1048576K
GC Heap History (10 events):
Event: 2197.612 GC heap before
{Heap before GC invocations=67 (full 5):
 PSYoungGen      total 467456K, used 446255K [0x00000000e0000000, 0x0000000100000000, 0x0000000100000000)
  eden space 414720K, 100% used [0x00000000e0000000,0x00000000f9500000,0x00000000f9500000)
  from space 52736K, 59% used [0x00000000f9500000,0x00000000fb3cbe48,0x00000000fc880000)
  to   space 52736K, 0% used [0x00000000fcc80000,0x00000000fcc80000,0x0000000100000000)
 ParOldGen       total 257536K, used 79721K [0x00000000a0000000, 0x00000000afb80000, 0x00000000e0000000)
  object space 257536K, 30% used [0x00000000a0000000,0x00000000a4dda558,0x00000000afb80000)
 Metaspace       used 132059K, capacity 139886K, committed 140160K, reserved 1171456K
  class space    used 16225K, capacity 17664K, committed 17792K, reserved 1048576K
Event: 2197.676 GC heap after
Heap after GC invocations=67 (full 5):
 PSYoungGen      total 470528K, used 31783K [0x00000000e0000000, 0x0000000100000000, 0x0000000100000000)
  eden space 417792K, 0% used [0x00000000e0000000,0x00000000e0000000,0x00000000f9800000)
  from space 52736K, 60% used [0x00000000fcc80000,0x00000000feb89f70,0x0000000100000000)
  to   space 53248K, 0% used [0x00000000f9800000,0x00000000f9800000,0x00000000fcc00000)
 ParOldGen       total 257536K, used 79721K [0x00000000a0000000, 0x00000000afb80000, 0x00000000e0000000)
  object space 257536K, 30% used [0x00000000a0000000,0x00000000a4dda558,0x00000000afb80000)
 Metaspace       used 132059K, capacity 139886K, committed 140160K, reserved 1171456K
  class space    used 16225K, capacity 17664K, committed 17792K, reserved 1048576K
}
Event: 2200.498 GC heap before
{Heap before GC invocations=68 (full 5):
 PSYoungGen      total 470528K, used 449575K [0x00000000e0000000, 0x0000000100000000, 0x0000000100000000)
  eden space 417792K, 100% used [0x00000000e0000000,0x00000000f9800000,0x00000000f9800000)
  from space 52736K, 60% used [0x00000000fcc80000,0x00000000feb89f70,0x0000000100000000)
  to   space 53248K, 0% used [0x00000000f9800000,0x00000000f9800000,0x00000000fcc00000)
 ParOldGen       total 257536K, used 79721K [0x00000000a0000000, 0x00000000afb80000, 0x00000000e0000000)
  object space 257536K, 30% used [0x00000000a0000000,0x00000000a4dda558,0x00000000afb80000)
 Metaspace       used 132172K, capacity 140056K, committed 140416K, reserved 1171456K
  class space    used 16239K, capacity 17697K, committed 17792K, reserved 1048576K
Event: 2200.629 GC heap after
Heap after GC invocations=68 (full 5):
 PSYoungGen      total 437760K, used 19728K [0x00000000e0000000, 0x00000000ffc80000, 0x0000000100000000)
  eden space 417792K, 0% used [0x00000000e0000000,0x00000000e0000000,0x00000000f9800000)
  from space 19968K, 98% used [0x00000000f9800000,0x00000000fab441c0,0x00000000fab80000)
  to   space 51200K, 0% used [0x00000000fca80000,0x00000000fca80000,0x00000000ffc80000)
 ParOldGen       total 257536K, used 88399K [0x00000000a0000000, 0x00000000afb80000, 0x00000000e0000000)
  object space 257536K, 34% used [0x00000000a0000000,0x00000000a5653fe8,0x00000000afb80000)
 Metaspace       used 132172K, capacity 140056K, committed 140416K, reserved 1171456K
  class space    used 16239K, capacity 17697K, committed 17792K, reserved 1048576K
}
Event: 2204.615 GC heap before
{Heap before GC invocations=69 (full 5):
 PSYoungGen      total 437760K, used 437520K [0x00000000e0000000, 0x00000000ffc80000, 0x0000000100000000)
  eden space 417792K, 100% used [0x00000000e0000000,0x00000000f9800000,0x00000000f9800000)
  from space 19968K, 98% used [0x00000000f9800000,0x00000000fab441c0,0x00000000fab80000)
  to   space 51200K, 0% used [0x00000000fca80000,0x00000000fca80000,0x00000000ffc80000)
 ParOldGen       total 257536K, used 88399K [0x00000000a0000000, 0x00000000afb80000, 0x00000000e0000000)
  object space 257536K, 34% used [0x00000000a0000000,0x00000000a5653fe8,0x00000000afb80000)
 Metaspace       used 132228K, capacity 140120K, committed 140416K, reserved 1171456K
  class space    used 16240K, capacity 17697K, committed 17792K, reserved 1048576K
Event: 2204.630 GC heap after
Heap after GC invocations=69 (full 5):
 PSYoungGen      total 468480K, used 1581K [0x00000000e0000000, 0x0000000100000000, 0x0000000100000000)
  eden space 417280K, 0% used [0x00000000e0000000,0x00000000e0000000,0x00000000f9780000)
  from space 51200K, 3% used [0x00000000fca80000,0x00000000fcc0b730,0x00000000ffc80000)
  to   space 52224K, 0% used [0x00000000f9780000,0x00000000f9780000,0x00000000fca80000)
 ParOldGen       total 257536K, used 90751K [0x00000000a0000000, 0x00000000afb80000, 0x00000000e0000000)
  object space 257536K, 35% used [0x00000000a0000000,0x00000000a589fff8,0x00000000afb80000)
 Metaspace       used 132228K, capacity 140120K, committed 140416K, reserved 1171456K
  class space    used 16240K, capacity 17697K, committed 17792K, reserved 1048576K
}
Event: 2207.018 GC heap before
{Heap before GC invocations=70 (full 5):
 PSYoungGen      total 468480K, used 418861K [0x00000000e0000000, 0x0000000100000000, 0x0000000100000000)
  eden space 417280K, 100% used [0x00000000e0000000,0x00000000f9780000,0x00000000f9780000)
  from space 51200K, 3% used [0x00000000fca80000,0x00000000fcc0b730,0x00000000ffc80000)
  to   space 52224K, 0% used [0x00000000f9780000,0x00000000f9780000,0x00000000fca80000)
 ParOldGen       total 257536K, used 90751K [0x00000000a0000000, 0x00000000afb80000, 0x00000000e0000000)
  object space 257536K, 35% used [0x00000000a0000000,0x00000000a589fff8,0x00000000afb80000)
 Metaspace       used 132236K, capacity 140124K, committed 140416K, reserved 1171456K
  class space    used 16240K, capacity 17697K, committed 17792K, reserved 1048576K
Event: 2207.038 GC heap after
Heap after GC invocations=70 (full 5):
 PSYoungGen      total 469504K, used 7386K [0x00000000e0000000, 0x00000000fff00000, 0x0000000100000000)
  eden space 417280K, 0% used [0x00000000e0000000,0x00000000e0000000,0x00000000f9780000)
  from space 52224K, 14% used [0x00000000f9780000,0x00000000f9eb6830,0x00000000fca80000)
  to   space 51200K, 0% used [0x00000000fcd00000,0x00000000fcd00000,0x00000000fff00000)
 ParOldGen       total 257536K, used 91111K [0x00000000a0000000, 0x00000000afb80000, 0x00000000e0000000)
  object space 257536K, 35% used [0x00000000a0000000,0x00000000a58f9ff8,0x00000000afb80000)
 Metaspace       used 132236K, capacity 140124K, committed 140416K, reserved 1171456K
  class space    used 16240K, capacity 17697K, committed 17792K, reserved 1048576K
}
Event: 2208.716 GC heap before
{Heap before GC invocations=71 (full 5):
 PSYoungGen      total 469504K, used 424666K [0x00000000e0000000, 0x00000000fff00000, 0x0000000100000000)
  eden space 417280K, 100% used [0x00000000e0000000,0x00000000f9780000,0x00000000f9780000)
  from space 52224K, 14% used [0x00000000f9780000,0x00000000f9eb6830,0x00000000fca80000)
  to   space 51200K, 0% used [0x00000000fcd00000,0x00000000fcd00000,0x00000000fff00000)
 ParOldGen       total 257536K, used 91111K [0x00000000a0000000, 0x00000000afb80000, 0x00000000e0000000)
  object space 257536K, 35% used [0x00000000a0000000,0x00000000a58f9ff8,0x00000000afb80000)
 Metaspace       used 132245K, capacity 140126K, committed 140416K, reserved 1171456K
  class space    used 16240K, capacity 17698K, committed 17792K, reserved 1048576K
Event: 2208.740 GC heap after
Heap after GC invocations=71 (full 5):
 PSYoungGen      total 472064K, used 2288K [0x00000000e0000000, 0x00000000fff00000, 0x0000000100000000)
  eden space 420864K, 0% used [0x00000000e0000000,0x00000000e0000000,0x00000000f9b00000)
  from space 51200K, 4% used [0x00000000fcd00000,0x00000000fcf3c020,0x00000000fff00000)
  to   space 51200K, 0% used [0x00000000f9b00000,0x00000000f9b00000,0x00000000fcd00000)
 ParOldGen       total 257536K, used 96873K [0x00000000a0000000, 0x00000000afb80000, 0x00000000e0000000)
  object space 257536K, 37% used [0x00000000a0000000,0x00000000a5e9a658,0x00000000afb80000)
 Metaspace       used 132245K, capacity 140126K, committed 140416K, reserved 1171456K
  class space    used 16240K, capacity 17698K, committed 17792K, reserved 1048576K
}

